<?xml version="1.0" encoding="UTF-8"?>
<testsuite xmlns:xsi="http://www.w3.org/2001/XMLSchema-instance" xsi:noNamespaceSchemaLocation="https://maven.apache.org/surefire/maven-surefire-plugin/xsd/surefire-test-report.xsd" name="RDDExternalDatasetsTest" time="4.566" tests="6" errors="0" skipped="0" failures="0">
  <properties>
    <property name="java.specification.version" value="21"/>
    <property name="sun.cpu.isalist" value="amd64"/>
    <property name="sun.jnu.encoding" value="Cp1252"/>
    <property name="java.class.path" value="C:\Users\SRILALITHA\IdeaProjects\JavaSpark\target\test-classes;C:\Users\SRILALITHA\IdeaProjects\JavaSpark\target\classes;C:\Users\SRILALITHA\.m2\repository\org\apache\spark\spark-core_2.13\4.0.0\spark-core_2.13-4.0.0.jar;C:\Users\SRILALITHA\.m2\repository\org\scala-lang\modules\scala-parallel-collections_2.13\1.2.0\scala-parallel-collections_2.13-1.2.0.jar;C:\Users\SRILALITHA\.m2\repository\org\apache\avro\avro\1.12.0\avro-1.12.0.jar;C:\Users\SRILALITHA\.m2\repository\org\apache\avro\avro-mapred\1.12.0\avro-mapred-1.12.0.jar;C:\Users\SRILALITHA\.m2\repository\com\twitter\chill_2.13\0.10.0\chill_2.13-0.10.0.jar;C:\Users\SRILALITHA\.m2\repository\com\twitter\chill-java\0.10.0\chill-java-0.10.0.jar;C:\Users\SRILALITHA\.m2\repository\com\esotericsoftware\kryo-shaded\4.0.3\kryo-shaded-4.0.3.jar;C:\Users\SRILALITHA\.m2\repository\org\objenesis\objenesis\3.3\objenesis-3.3.jar;C:\Users\SRILALITHA\.m2\repository\org\apache\hadoop\hadoop-client-api\3.4.1\hadoop-client-api-3.4.1.jar;C:\Users\SRILALITHA\.m2\repository\org\apache\hadoop\hadoop-client-runtime\3.4.1\hadoop-client-runtime-3.4.1.jar;C:\Users\SRILALITHA\.m2\repository\org\apache\spark\spark-launcher_2.13\4.0.0\spark-launcher_2.13-4.0.0.jar;C:\Users\SRILALITHA\.m2\repository\org\apache\spark\spark-kvstore_2.13\4.0.0\spark-kvstore_2.13-4.0.0.jar;C:\Users\SRILALITHA\.m2\repository\org\apache\spark\spark-network-common_2.13\4.0.0\spark-network-common_2.13-4.0.0.jar;C:\Users\SRILALITHA\.m2\repository\org\apache\spark\spark-network-shuffle_2.13\4.0.0\spark-network-shuffle_2.13-4.0.0.jar;C:\Users\SRILALITHA\.m2\repository\org\apache\spark\spark-unsafe_2.13\4.0.0\spark-unsafe_2.13-4.0.0.jar;C:\Users\SRILALITHA\.m2\repository\org\apache\spark\spark-common-utils_2.13\4.0.0\spark-common-utils_2.13-4.0.0.jar;C:\Users\SRILALITHA\.m2\repository\org\apache\curator\curator-recipes\5.7.1\curator-recipes-5.7.1.jar;C:\Users\SRILALITHA\.m2\repository\org\apache\zookeeper\zookeeper\3.9.3\zookeeper-3.9.3.jar;C:\Users\SRILALITHA\.m2\repository\io\jsonwebtoken\jjwt-api\0.12.6\jjwt-api-0.12.6.jar;C:\Users\SRILALITHA\.m2\repository\io\jsonwebtoken\jjwt-impl\0.12.6\jjwt-impl-0.12.6.jar;C:\Users\SRILALITHA\.m2\repository\io\jsonwebtoken\jjwt-jackson\0.12.6\jjwt-jackson-0.12.6.jar;C:\Users\SRILALITHA\.m2\repository\javax\servlet\javax.servlet-api\4.0.1\javax.servlet-api-4.0.1.jar;C:\Users\SRILALITHA\.m2\repository\jakarta\servlet\jakarta.servlet-api\5.0.0\jakarta.servlet-api-5.0.0.jar;C:\Users\SRILALITHA\.m2\repository\commons-codec\commons-codec\1.17.2\commons-codec-1.17.2.jar;C:\Users\SRILALITHA\.m2\repository\org\apache\commons\commons-compress\1.27.1\commons-compress-1.27.1.jar;C:\Users\SRILALITHA\.m2\repository\org\apache\commons\commons-math3\3.6.1\commons-math3-3.6.1.jar;C:\Users\SRILALITHA\.m2\repository\org\apache\commons\commons-text\1.13.0\commons-text-1.13.0.jar;C:\Users\SRILALITHA\.m2\repository\commons-io\commons-io\2.18.0\commons-io-2.18.0.jar;C:\Users\SRILALITHA\.m2\repository\commons-collections\commons-collections\3.2.2\commons-collections-3.2.2.jar;C:\Users\SRILALITHA\.m2\repository\org\apache\commons\commons-collections4\4.4\commons-collections4-4.4.jar;C:\Users\SRILALITHA\.m2\repository\com\google\code\findbugs\jsr305\3.0.0\jsr305-3.0.0.jar;C:\Users\SRILALITHA\.m2\repository\com\ning\compress-lzf\1.1.2\compress-lzf-1.1.2.jar;C:\Users\SRILALITHA\.m2\repository\org\xerial\snappy\snappy-java\1.1.10.7\snappy-java-1.1.10.7.jar;C:\Users\SRILALITHA\.m2\repository\org\lz4\lz4-java\1.8.0\lz4-java-1.8.0.jar;C:\Users\SRILALITHA\.m2\repository\com\github\luben\zstd-jni\1.5.6-9\zstd-jni-1.5.6-9.jar;C:\Users\SRILALITHA\.m2\repository\org\roaringbitmap\RoaringBitmap\1.3.0\RoaringBitmap-1.3.0.jar;C:\Users\SRILALITHA\.m2\repository\org\scala-lang\modules\scala-xml_2.13\2.3.0\scala-xml_2.13-2.3.0.jar;C:\Users\SRILALITHA\.m2\repository\org\scala-lang\scala-library\2.13.16\scala-library-2.13.16.jar;C:\Users\SRILALITHA\.m2\repository\org\scala-lang\scala-reflect\2.13.16\scala-reflect-2.13.16.jar;C:\Users\SRILALITHA\.m2\repository\org\json4s\json4s-jackson_2.13\4.0.7\json4s-jackson_2.13-4.0.7.jar;C:\Users\SRILALITHA\.m2\repository\org\glassfish\jersey\core\jersey-client\3.0.16\jersey-client-3.0.16.jar;C:\Users\SRILALITHA\.m2\repository\org\glassfish\jersey\core\jersey-common\3.0.16\jersey-common-3.0.16.jar;C:\Users\SRILALITHA\.m2\repository\org\glassfish\jersey\core\jersey-server\3.0.16\jersey-server-3.0.16.jar;C:\Users\SRILALITHA\.m2\repository\org\glassfish\jersey\containers\jersey-container-servlet\3.0.16\jersey-container-servlet-3.0.16.jar;C:\Users\SRILALITHA\.m2\repository\org\glassfish\jersey\containers\jersey-container-servlet-core\3.0.16\jersey-container-servlet-core-3.0.16.jar;C:\Users\SRILALITHA\.m2\repository\org\glassfish\jersey\inject\jersey-hk2\3.0.16\jersey-hk2-3.0.16.jar;C:\Users\SRILALITHA\.m2\repository\io\netty\netty-all\4.1.118.Final\netty-all-4.1.118.Final.jar;C:\Users\SRILALITHA\.m2\repository\io\netty\netty-transport-native-epoll\4.1.118.Final\netty-transport-native-epoll-4.1.118.Final-linux-x86_64.jar;C:\Users\SRILALITHA\.m2\repository\io\netty\netty-transport-native-epoll\4.1.118.Final\netty-transport-native-epoll-4.1.118.Final-linux-aarch_64.jar;C:\Users\SRILALITHA\.m2\repository\io\netty\netty-transport-native-kqueue\4.1.118.Final\netty-transport-native-kqueue-4.1.118.Final-osx-aarch_64.jar;C:\Users\SRILALITHA\.m2\repository\io\netty\netty-transport-native-kqueue\4.1.118.Final\netty-transport-native-kqueue-4.1.118.Final-osx-x86_64.jar;C:\Users\SRILALITHA\.m2\repository\com\clearspring\analytics\stream\2.9.8\stream-2.9.8.jar;C:\Users\SRILALITHA\.m2\repository\io\dropwizard\metrics\metrics-core\4.2.30\metrics-core-4.2.30.jar;C:\Users\SRILALITHA\.m2\repository\io\dropwizard\metrics\metrics-jvm\4.2.30\metrics-jvm-4.2.30.jar;C:\Users\SRILALITHA\.m2\repository\io\dropwizard\metrics\metrics-json\4.2.30\metrics-json-4.2.30.jar;C:\Users\SRILALITHA\.m2\repository\io\dropwizard\metrics\metrics-graphite\4.2.30\metrics-graphite-4.2.30.jar;C:\Users\SRILALITHA\.m2\repository\io\dropwizard\metrics\metrics-jmx\4.2.30\metrics-jmx-4.2.30.jar;C:\Users\SRILALITHA\.m2\repository\com\fasterxml\jackson\core\jackson-databind\2.18.2\jackson-databind-2.18.2.jar;C:\Users\SRILALITHA\.m2\repository\com\fasterxml\jackson\module\jackson-module-scala_2.13\2.18.2\jackson-module-scala_2.13-2.18.2.jar;C:\Users\SRILALITHA\.m2\repository\net\razorvine\pickle\1.5\pickle-1.5.jar;C:\Users\SRILALITHA\.m2\repository\net\sf\py4j\py4j\0.10.9.9\py4j-0.10.9.9.jar;C:\Users\SRILALITHA\.m2\repository\org\apache\spark\spark-tags_2.13\4.0.0\spark-tags_2.13-4.0.0.jar;C:\Users\SRILALITHA\.m2\repository\org\apache\commons\commons-crypto\1.1.0\commons-crypto-1.1.0.jar;C:\Users\SRILALITHA\.m2\repository\org\apache\spark\spark-sql_2.13\4.0.0\spark-sql_2.13-4.0.0.jar;C:\Users\SRILALITHA\.m2\repository\org\rocksdb\rocksdbjni\9.8.4\rocksdbjni-9.8.4.jar;C:\Users\SRILALITHA\.m2\repository\com\univocity\univocity-parsers\2.9.1\univocity-parsers-2.9.1.jar;C:\Users\SRILALITHA\.m2\repository\org\apache\spark\spark-sketch_2.13\4.0.0\spark-sketch_2.13-4.0.0.jar;C:\Users\SRILALITHA\.m2\repository\org\apache\avro\avro-ipc\1.12.0\avro-ipc-1.12.0.jar;C:\Users\SRILALITHA\.m2\repository\org\tukaani\xz\1.10\xz-1.10.jar;C:\Users\SRILALITHA\.m2\repository\com\esotericsoftware\minlog\1.3.0\minlog-1.3.0.jar;C:\Users\SRILALITHA\.m2\repository\org\fusesource\leveldbjni\leveldbjni-all\1.8\leveldbjni-all-1.8.jar;C:\Users\SRILALITHA\.m2\repository\io\netty\netty-tcnative-boringssl-static\2.0.70.Final\netty-tcnative-boringssl-static-2.0.70.Final-linux-x86_64.jar;C:\Users\SRILALITHA\.m2\repository\io\netty\netty-tcnative-classes\2.0.70.Final\netty-tcnative-classes-2.0.70.Final.jar;C:\Users\SRILALITHA\.m2\repository\io\netty\netty-tcnative-boringssl-static\2.0.70.Final\netty-tcnative-boringssl-static-2.0.70.Final-windows-x86_64.jar;C:\Users\SRILALITHA\.m2\repository\io\netty\netty-tcnative-boringssl-static\2.0.70.Final\netty-tcnative-boringssl-static-2.0.70.Final-linux-aarch_64.jar;C:\Users\SRILALITHA\.m2\repository\io\netty\netty-tcnative-boringssl-static\2.0.70.Final\netty-tcnative-boringssl-static-2.0.70.Final-osx-aarch_64.jar;C:\Users\SRILALITHA\.m2\repository\io\netty\netty-tcnative-boringssl-static\2.0.70.Final\netty-tcnative-boringssl-static-2.0.70.Final-osx-x86_64.jar;C:\Users\SRILALITHA\.m2\repository\com\google\crypto\tink\tink\1.16.0\tink-1.16.0.jar;C:\Users\SRILALITHA\.m2\repository\com\google\code\gson\gson\2.11.0\gson-2.11.0.jar;C:\Users\SRILALITHA\.m2\repository\org\apache\ivy\ivy\2.5.3\ivy-2.5.3.jar;C:\Users\SRILALITHA\.m2\repository\oro\oro\2.0.8\oro-2.0.8.jar;C:\Users\SRILALITHA\.m2\repository\org\slf4j\jul-to-slf4j\2.0.16\jul-to-slf4j-2.0.16.jar;C:\Users\SRILALITHA\.m2\repository\org\slf4j\jcl-over-slf4j\2.0.16\jcl-over-slf4j-2.0.16.jar;C:\Users\SRILALITHA\.m2\repository\org\apache\logging\log4j\log4j-slf4j2-impl\2.24.3\log4j-slf4j2-impl-2.24.3.jar;C:\Users\SRILALITHA\.m2\repository\org\apache\logging\log4j\log4j-api\2.24.3\log4j-api-2.24.3.jar;C:\Users\SRILALITHA\.m2\repository\org\apache\logging\log4j\log4j-core\2.24.3\log4j-core-2.24.3.jar;C:\Users\SRILALITHA\.m2\repository\org\apache\logging\log4j\log4j-1.2-api\2.24.3\log4j-1.2-api-2.24.3.jar;C:\Users\SRILALITHA\.m2\repository\org\apache\logging\log4j\log4j-layout-template-json\2.24.3\log4j-layout-template-json-2.24.3.jar;C:\Users\SRILALITHA\.m2\repository\org\apache\curator\curator-framework\5.7.1\curator-framework-5.7.1.jar;C:\Users\SRILALITHA\.m2\repository\org\apache\curator\curator-client\5.7.1\curator-client-5.7.1.jar;C:\Users\SRILALITHA\.m2\repository\org\apache\zookeeper\zookeeper-jute\3.9.3\zookeeper-jute-3.9.3.jar;C:\Users\SRILALITHA\.m2\repository\org\apache\yetus\audience-annotations\0.12.0\audience-annotations-0.12.0.jar;C:\Users\SRILALITHA\.m2\repository\org\json4s\json4s-core_2.13\4.0.7\json4s-core_2.13-4.0.7.jar;C:\Users\SRILALITHA\.m2\repository\org\json4s\json4s-ast_2.13\4.0.7\json4s-ast_2.13-4.0.7.jar;C:\Users\SRILALITHA\.m2\repository\org\json4s\json4s-scalap_2.13\4.0.7\json4s-scalap_2.13-4.0.7.jar;C:\Users\SRILALITHA\.m2\repository\org\json4s\json4s-jackson-core_2.13\4.0.7\json4s-jackson-core_2.13-4.0.7.jar;C:\Users\SRILALITHA\.m2\repository\jakarta\ws\rs\jakarta.ws.rs-api\3.0.0\jakarta.ws.rs-api-3.0.0.jar;C:\Users\SRILALITHA\.m2\repository\jakarta\inject\jakarta.inject-api\2.0.1\jakarta.inject-api-2.0.1.jar;C:\Users\SRILALITHA\.m2\repository\jakarta\annotation\jakarta.annotation-api\2.1.1\jakarta.annotation-api-2.1.1.jar;C:\Users\SRILALITHA\.m2\repository\org\glassfish\hk2\osgi-resource-locator\1.0.3\osgi-resource-locator-1.0.3.jar;C:\Users\SRILALITHA\.m2\repository\jakarta\validation\jakarta.validation-api\3.0.2\jakarta.validation-api-3.0.2.jar;C:\Users\SRILALITHA\.m2\repository\org\glassfish\hk2\hk2-locator\3.0.6\hk2-locator-3.0.6.jar;C:\Users\SRILALITHA\.m2\repository\org\glassfish\hk2\external\aopalliance-repackaged\3.0.6\aopalliance-repackaged-3.0.6.jar;C:\Users\SRILALITHA\.m2\repository\org\glassfish\hk2\hk2-api\3.0.6\hk2-api-3.0.6.jar;C:\Users\SRILALITHA\.m2\repository\org\glassfish\hk2\hk2-utils\3.0.6\hk2-utils-3.0.6.jar;C:\Users\SRILALITHA\.m2\repository\org\javassist\javassist\3.30.2-GA\javassist-3.30.2-GA.jar;C:\Users\SRILALITHA\.m2\repository\io\netty\netty-buffer\4.1.118.Final\netty-buffer-4.1.118.Final.jar;C:\Users\SRILALITHA\.m2\repository\io\netty\netty-codec\4.1.118.Final\netty-codec-4.1.118.Final.jar;C:\Users\SRILALITHA\.m2\repository\io\netty\netty-codec-dns\4.1.118.Final\netty-codec-dns-4.1.118.Final.jar;C:\Users\SRILALITHA\.m2\repository\io\netty\netty-codec-http\4.1.118.Final\netty-codec-http-4.1.118.Final.jar;C:\Users\SRILALITHA\.m2\repository\io\netty\netty-codec-http2\4.1.118.Final\netty-codec-http2-4.1.118.Final.jar;C:\Users\SRILALITHA\.m2\repository\io\netty\netty-codec-socks\4.1.118.Final\netty-codec-socks-4.1.118.Final.jar;C:\Users\SRILALITHA\.m2\repository\io\netty\netty-common\4.1.118.Final\netty-common-4.1.118.Final.jar;C:\Users\SRILALITHA\.m2\repository\io\netty\netty-handler\4.1.118.Final\netty-handler-4.1.118.Final.jar;C:\Users\SRILALITHA\.m2\repository\io\netty\netty-transport-native-unix-common\4.1.118.Final\netty-transport-native-unix-common-4.1.118.Final.jar;C:\Users\SRILALITHA\.m2\repository\io\netty\netty-handler-proxy\4.1.118.Final\netty-handler-proxy-4.1.118.Final.jar;C:\Users\SRILALITHA\.m2\repository\io\netty\netty-resolver\4.1.118.Final\netty-resolver-4.1.118.Final.jar;C:\Users\SRILALITHA\.m2\repository\io\netty\netty-resolver-dns\4.1.118.Final\netty-resolver-dns-4.1.118.Final.jar;C:\Users\SRILALITHA\.m2\repository\io\netty\netty-transport\4.1.118.Final\netty-transport-4.1.118.Final.jar;C:\Users\SRILALITHA\.m2\repository\io\netty\netty-transport-classes-epoll\4.1.118.Final\netty-transport-classes-epoll-4.1.118.Final.jar;C:\Users\SRILALITHA\.m2\repository\io\netty\netty-transport-classes-kqueue\4.1.118.Final\netty-transport-classes-kqueue-4.1.118.Final.jar;C:\Users\SRILALITHA\.m2\repository\io\netty\netty-transport-native-epoll\4.1.118.Final\netty-transport-native-epoll-4.1.118.Final-linux-riscv64.jar;C:\Users\SRILALITHA\.m2\repository\com\thoughtworks\paranamer\paranamer\2.8\paranamer-2.8.jar;C:\Users\SRILALITHA\.m2\repository\org\apache\spark\spark-catalyst_2.13\4.0.0\spark-catalyst_2.13-4.0.0.jar;C:\Users\SRILALITHA\.m2\repository\org\apache\spark\spark-variant_2.13\4.0.0\spark-variant_2.13-4.0.0.jar;C:\Users\SRILALITHA\.m2\repository\org\codehaus\janino\janino\3.1.9\janino-3.1.9.jar;C:\Users\SRILALITHA\.m2\repository\org\codehaus\janino\commons-compiler\3.1.9\commons-compiler-3.1.9.jar;C:\Users\SRILALITHA\.m2\repository\org\apache\datasketches\datasketches-java\6.1.1\datasketches-java-6.1.1.jar;C:\Users\SRILALITHA\.m2\repository\org\apache\datasketches\datasketches-memory\3.0.2\datasketches-memory-3.0.2.jar;C:\Users\SRILALITHA\.m2\repository\org\scala-lang\modules\scala-parser-combinators_2.13\2.4.0\scala-parser-combinators_2.13-2.4.0.jar;C:\Users\SRILALITHA\.m2\repository\org\antlr\antlr4-runtime\4.13.1\antlr4-runtime-4.13.1.jar;C:\Users\SRILALITHA\.m2\repository\org\apache\arrow\arrow-vector\18.1.0\arrow-vector-18.1.0.jar;C:\Users\SRILALITHA\.m2\repository\org\apache\arrow\arrow-format\18.1.0\arrow-format-18.1.0.jar;C:\Users\SRILALITHA\.m2\repository\org\apache\arrow\arrow-memory-core\18.1.0\arrow-memory-core-18.1.0.jar;C:\Users\SRILALITHA\.m2\repository\com\fasterxml\jackson\datatype\jackson-datatype-jsr310\2.18.2\jackson-datatype-jsr310-2.18.2.jar;C:\Users\SRILALITHA\.m2\repository\com\google\flatbuffers\flatbuffers-java\24.3.25\flatbuffers-java-24.3.25.jar;C:\Users\SRILALITHA\.m2\repository\org\apache\arrow\arrow-memory-netty\18.1.0\arrow-memory-netty-18.1.0.jar;C:\Users\SRILALITHA\.m2\repository\org\apache\arrow\arrow-memory-netty-buffer-patch\18.1.0\arrow-memory-netty-buffer-patch-18.1.0.jar;C:\Users\SRILALITHA\.m2\repository\org\apache\orc\orc-format\1.1.0\orc-format-1.1.0-shaded-protobuf.jar;C:\Users\SRILALITHA\.m2\repository\org\apache\orc\orc-core\2.1.2\orc-core-2.1.2-shaded-protobuf.jar;C:\Users\SRILALITHA\.m2\repository\org\apache\orc\orc-shims\2.1.2\orc-shims-2.1.2.jar;C:\Users\SRILALITHA\.m2\repository\io\airlift\aircompressor\2.0.2\aircompressor-2.0.2.jar;C:\Users\SRILALITHA\.m2\repository\org\jetbrains\annotations\17.0.0\annotations-17.0.0.jar;C:\Users\SRILALITHA\.m2\repository\org\slf4j\slf4j-api\2.0.16\slf4j-api-2.0.16.jar;C:\Users\SRILALITHA\.m2\repository\org\threeten\threeten-extra\1.8.0\threeten-extra-1.8.0.jar;C:\Users\SRILALITHA\.m2\repository\org\apache\orc\orc-mapreduce\2.1.2\orc-mapreduce-2.1.2-shaded-protobuf.jar;C:\Users\SRILALITHA\.m2\repository\org\apache\hive\hive-storage-api\2.8.1\hive-storage-api-2.8.1.jar;C:\Users\SRILALITHA\.m2\repository\org\apache\parquet\parquet-column\1.15.2\parquet-column-1.15.2.jar;C:\Users\SRILALITHA\.m2\repository\org\apache\parquet\parquet-common\1.15.2\parquet-common-1.15.2.jar;C:\Users\SRILALITHA\.m2\repository\org\apache\parquet\parquet-encoding\1.15.2\parquet-encoding-1.15.2.jar;C:\Users\SRILALITHA\.m2\repository\org\apache\parquet\parquet-format-structures\1.15.2\parquet-format-structures-1.15.2.jar;C:\Users\SRILALITHA\.m2\repository\javax\annotation\javax.annotation-api\1.3.2\javax.annotation-api-1.3.2.jar;C:\Users\SRILALITHA\.m2\repository\org\apache\parquet\parquet-hadoop\1.15.2\parquet-hadoop-1.15.2.jar;C:\Users\SRILALITHA\.m2\repository\org\apache\parquet\parquet-jackson\1.15.2\parquet-jackson-1.15.2.jar;C:\Users\SRILALITHA\.m2\repository\com\fasterxml\jackson\core\jackson-annotations\2.18.2\jackson-annotations-2.18.2.jar;C:\Users\SRILALITHA\.m2\repository\com\fasterxml\jackson\core\jackson-core\2.18.2\jackson-core-2.18.2.jar;C:\Users\SRILALITHA\.m2\repository\org\apache\ws\xmlschema\xmlschema-core\2.3.1\xmlschema-core-2.3.1.jar;C:\Users\SRILALITHA\.m2\repository\org\apache\xbean\xbean-asm9-shaded\4.26\xbean-asm9-shaded-4.26.jar;C:\Users\SRILALITHA\.m2\repository\com\google\protobuf\protobuf-java\4.29.3\protobuf-java-4.29.3.jar;C:\Users\SRILALITHA\.m2\repository\com\ibm\icu\icu4j\76.1\icu4j-76.1.jar;C:\Users\SRILALITHA\.m2\repository\org\apache\spark\spark-sql-api_2.13\4.0.0\spark-sql-api_2.13-4.0.0.jar;C:\Users\SRILALITHA\.m2\repository\org\apache\spark\spark-connect-shims_2.13\4.0.0\spark-connect-shims_2.13-4.0.0.jar;C:\Users\SRILALITHA\.m2\repository\org\apache\hadoop\hadoop-hdfs\3.2.2\hadoop-hdfs-3.2.2.jar;C:\Users\SRILALITHA\.m2\repository\org\eclipse\jetty\jetty-server\9.4.20.v20190813\jetty-server-9.4.20.v20190813.jar;C:\Users\SRILALITHA\.m2\repository\org\eclipse\jetty\jetty-http\9.4.20.v20190813\jetty-http-9.4.20.v20190813.jar;C:\Users\SRILALITHA\.m2\repository\org\eclipse\jetty\jetty-io\9.4.20.v20190813\jetty-io-9.4.20.v20190813.jar;C:\Users\SRILALITHA\.m2\repository\org\eclipse\jetty\jetty-util\9.4.20.v20190813\jetty-util-9.4.20.v20190813.jar;C:\Users\SRILALITHA\.m2\repository\org\eclipse\jetty\jetty-util-ajax\9.4.20.v20190813\jetty-util-ajax-9.4.20.v20190813.jar;C:\Users\SRILALITHA\.m2\repository\com\sun\jersey\jersey-core\1.19\jersey-core-1.19.jar;C:\Users\SRILALITHA\.m2\repository\javax\ws\rs\jsr311-api\1.1.1\jsr311-api-1.1.1.jar;C:\Users\SRILALITHA\.m2\repository\com\sun\jersey\jersey-server\1.19\jersey-server-1.19.jar;C:\Users\SRILALITHA\.m2\repository\commons-cli\commons-cli\1.2\commons-cli-1.2.jar;C:\Users\SRILALITHA\.m2\repository\commons-logging\commons-logging\1.1.3\commons-logging-1.1.3.jar;C:\Users\SRILALITHA\.m2\repository\commons-daemon\commons-daemon\1.0.13\commons-daemon-1.0.13.jar;C:\Users\SRILALITHA\.m2\repository\log4j\log4j\1.2.17\log4j-1.2.17.jar;C:\Users\SRILALITHA\.m2\repository\io\netty\netty\3.10.6.Final\netty-3.10.6.Final.jar;C:\Users\SRILALITHA\.m2\repository\org\apache\htrace\htrace-core4\4.1.0-incubating\htrace-core4-4.1.0-incubating.jar;C:\Users\SRILALITHA\.m2\repository\org\apache\hadoop\hadoop-common\3.2.2\hadoop-common-3.2.2.jar;C:\Users\SRILALITHA\.m2\repository\org\apache\hadoop\hadoop-annotations\3.2.2\hadoop-annotations-3.2.2.jar;C:\Users\SRILALITHA\.m2\repository\org\apache\httpcomponents\httpclient\4.5.13\httpclient-4.5.13.jar;C:\Users\SRILALITHA\.m2\repository\org\apache\httpcomponents\httpcore\4.4.13\httpcore-4.4.13.jar;C:\Users\SRILALITHA\.m2\repository\commons-net\commons-net\3.6\commons-net-3.6.jar;C:\Users\SRILALITHA\.m2\repository\javax\activation\javax.activation-api\1.2.0\javax.activation-api-1.2.0.jar;C:\Users\SRILALITHA\.m2\repository\org\eclipse\jetty\jetty-servlet\9.4.20.v20190813\jetty-servlet-9.4.20.v20190813.jar;C:\Users\SRILALITHA\.m2\repository\org\eclipse\jetty\jetty-security\9.4.20.v20190813\jetty-security-9.4.20.v20190813.jar;C:\Users\SRILALITHA\.m2\repository\org\eclipse\jetty\jetty-webapp\9.4.20.v20190813\jetty-webapp-9.4.20.v20190813.jar;C:\Users\SRILALITHA\.m2\repository\org\eclipse\jetty\jetty-xml\9.4.20.v20190813\jetty-xml-9.4.20.v20190813.jar;C:\Users\SRILALITHA\.m2\repository\javax\servlet\jsp\jsp-api\2.1\jsp-api-2.1.jar;C:\Users\SRILALITHA\.m2\repository\com\sun\jersey\jersey-servlet\1.19\jersey-servlet-1.19.jar;C:\Users\SRILALITHA\.m2\repository\com\sun\jersey\jersey-json\1.19\jersey-json-1.19.jar;C:\Users\SRILALITHA\.m2\repository\org\codehaus\jettison\jettison\1.1\jettison-1.1.jar;C:\Users\SRILALITHA\.m2\repository\com\sun\xml\bind\jaxb-impl\2.2.3-1\jaxb-impl-2.2.3-1.jar;C:\Users\SRILALITHA\.m2\repository\org\codehaus\jackson\jackson-core-asl\1.9.2\jackson-core-asl-1.9.2.jar;C:\Users\SRILALITHA\.m2\repository\org\codehaus\jackson\jackson-mapper-asl\1.9.2\jackson-mapper-asl-1.9.2.jar;C:\Users\SRILALITHA\.m2\repository\org\codehaus\jackson\jackson-jaxrs\1.9.2\jackson-jaxrs-1.9.2.jar;C:\Users\SRILALITHA\.m2\repository\org\codehaus\jackson\jackson-xc\1.9.2\jackson-xc-1.9.2.jar;C:\Users\SRILALITHA\.m2\repository\commons-beanutils\commons-beanutils\1.9.4\commons-beanutils-1.9.4.jar;C:\Users\SRILALITHA\.m2\repository\org\apache\commons\commons-configuration2\2.1.1\commons-configuration2-2.1.1.jar;C:\Users\SRILALITHA\.m2\repository\org\slf4j\slf4j-log4j12\1.7.25\slf4j-log4j12-1.7.25.jar;C:\Users\SRILALITHA\.m2\repository\com\google\re2j\re2j\1.1\re2j-1.1.jar;C:\Users\SRILALITHA\.m2\repository\org\apache\hadoop\hadoop-auth\3.2.2\hadoop-auth-3.2.2.jar;C:\Users\SRILALITHA\.m2\repository\com\nimbusds\nimbus-jose-jwt\7.9\nimbus-jose-jwt-7.9.jar;C:\Users\SRILALITHA\.m2\repository\com\github\stephenc\jcip\jcip-annotations\1.0-1\jcip-annotations-1.0-1.jar;C:\Users\SRILALITHA\.m2\repository\net\minidev\json-smart\2.3\json-smart-2.3.jar;C:\Users\SRILALITHA\.m2\repository\net\minidev\accessors-smart\1.2\accessors-smart-1.2.jar;C:\Users\SRILALITHA\.m2\repository\org\ow2\asm\asm\5.0.4\asm-5.0.4.jar;C:\Users\SRILALITHA\.m2\repository\com\jcraft\jsch\0.1.55\jsch-0.1.55.jar;C:\Users\SRILALITHA\.m2\repository\org\apache\kerby\kerb-simplekdc\1.0.1\kerb-simplekdc-1.0.1.jar;C:\Users\SRILALITHA\.m2\repository\org\apache\kerby\kerb-client\1.0.1\kerb-client-1.0.1.jar;C:\Users\SRILALITHA\.m2\repository\org\apache\kerby\kerby-config\1.0.1\kerby-config-1.0.1.jar;C:\Users\SRILALITHA\.m2\repository\org\apache\kerby\kerb-core\1.0.1\kerb-core-1.0.1.jar;C:\Users\SRILALITHA\.m2\repository\org\apache\kerby\kerby-pkix\1.0.1\kerby-pkix-1.0.1.jar;C:\Users\SRILALITHA\.m2\repository\org\apache\kerby\kerby-asn1\1.0.1\kerby-asn1-1.0.1.jar;C:\Users\SRILALITHA\.m2\repository\org\apache\kerby\kerby-util\1.0.1\kerby-util-1.0.1.jar;C:\Users\SRILALITHA\.m2\repository\org\apache\kerby\kerb-common\1.0.1\kerb-common-1.0.1.jar;C:\Users\SRILALITHA\.m2\repository\org\apache\kerby\kerb-crypto\1.0.1\kerb-crypto-1.0.1.jar;C:\Users\SRILALITHA\.m2\repository\org\apache\kerby\kerb-util\1.0.1\kerb-util-1.0.1.jar;C:\Users\SRILALITHA\.m2\repository\org\apache\kerby\token-provider\1.0.1\token-provider-1.0.1.jar;C:\Users\SRILALITHA\.m2\repository\org\apache\kerby\kerb-admin\1.0.1\kerb-admin-1.0.1.jar;C:\Users\SRILALITHA\.m2\repository\org\apache\kerby\kerb-server\1.0.1\kerb-server-1.0.1.jar;C:\Users\SRILALITHA\.m2\repository\org\apache\kerby\kerb-identity\1.0.1\kerb-identity-1.0.1.jar;C:\Users\SRILALITHA\.m2\repository\org\apache\kerby\kerby-xdr\1.0.1\kerby-xdr-1.0.1.jar;C:\Users\SRILALITHA\.m2\repository\org\codehaus\woodstox\stax2-api\3.1.4\stax2-api-3.1.4.jar;C:\Users\SRILALITHA\.m2\repository\com\fasterxml\woodstox\woodstox-core\5.0.3\woodstox-core-5.0.3.jar;C:\Users\SRILALITHA\.m2\repository\dnsjava\dnsjava\2.1.7\dnsjava-2.1.7.jar;C:\Users\SRILALITHA\.m2\repository\org\apache\hadoop\hadoop-client\3.2.2\hadoop-client-3.2.2.jar;C:\Users\SRILALITHA\.m2\repository\org\apache\hadoop\hadoop-hdfs-client\3.2.2\hadoop-hdfs-client-3.2.2.jar;C:\Users\SRILALITHA\.m2\repository\com\squareup\okhttp\okhttp\2.7.5\okhttp-2.7.5.jar;C:\Users\SRILALITHA\.m2\repository\com\squareup\okio\okio\1.6.0\okio-1.6.0.jar;C:\Users\SRILALITHA\.m2\repository\org\apache\hadoop\hadoop-yarn-api\3.2.2\hadoop-yarn-api-3.2.2.jar;C:\Users\SRILALITHA\.m2\repository\javax\xml\bind\jaxb-api\2.2.11\jaxb-api-2.2.11.jar;C:\Users\SRILALITHA\.m2\repository\org\apache\hadoop\hadoop-yarn-client\3.2.2\hadoop-yarn-client-3.2.2.jar;C:\Users\SRILALITHA\.m2\repository\org\apache\hadoop\hadoop-mapreduce-client-core\3.2.2\hadoop-mapreduce-client-core-3.2.2.jar;C:\Users\SRILALITHA\.m2\repository\org\apache\hadoop\hadoop-yarn-common\3.2.2\hadoop-yarn-common-3.2.2.jar;C:\Users\SRILALITHA\.m2\repository\com\sun\jersey\jersey-client\1.19\jersey-client-1.19.jar;C:\Users\SRILALITHA\.m2\repository\com\fasterxml\jackson\module\jackson-module-jaxb-annotations\2.9.10\jackson-module-jaxb-annotations-2.9.10.jar;C:\Users\SRILALITHA\.m2\repository\com\fasterxml\jackson\jaxrs\jackson-jaxrs-json-provider\2.9.10\jackson-jaxrs-json-provider-2.9.10.jar;C:\Users\SRILALITHA\.m2\repository\com\fasterxml\jackson\jaxrs\jackson-jaxrs-base\2.9.10\jackson-jaxrs-base-2.9.10.jar;C:\Users\SRILALITHA\.m2\repository\org\apache\hadoop\hadoop-mapreduce-client-jobclient\3.2.2\hadoop-mapreduce-client-jobclient-3.2.2.jar;C:\Users\SRILALITHA\.m2\repository\org\apache\hadoop\hadoop-mapreduce-client-common\3.2.2\hadoop-mapreduce-client-common-3.2.2.jar;C:\Users\SRILALITHA\.m2\repository\org\apache\hadoop\hadoop-aws\3.2.2\hadoop-aws-3.2.2.jar;C:\Users\SRILALITHA\.m2\repository\com\amazonaws\aws-java-sdk-bundle\1.11.563\aws-java-sdk-bundle-1.11.563.jar;C:\Users\SRILALITHA\.m2\repository\com\google\guava\guava\32.0.0-jre\guava-32.0.0-jre.jar;C:\Users\SRILALITHA\.m2\repository\com\google\guava\failureaccess\1.0.1\failureaccess-1.0.1.jar;C:\Users\SRILALITHA\.m2\repository\com\google\guava\listenablefuture\9999.0-empty-to-avoid-conflict-with-guava\listenablefuture-9999.0-empty-to-avoid-conflict-with-guava.jar;C:\Users\SRILALITHA\.m2\repository\org\checkerframework\checker-qual\3.33.0\checker-qual-3.33.0.jar;C:\Users\SRILALITHA\.m2\repository\com\google\errorprone\error_prone_annotations\2.18.0\error_prone_annotations-2.18.0.jar;C:\Users\SRILALITHA\.m2\repository\com\google\j2objc\j2objc-annotations\2.8\j2objc-annotations-2.8.jar;C:\Users\SRILALITHA\.m2\repository\org\apache\commons\commons-lang3\3.14.0\commons-lang3-3.14.0.jar;C:\Users\SRILALITHA\.m2\repository\org\hamcrest\hamcrest\2.2\hamcrest-2.2.jar;C:\Users\SRILALITHA\.m2\repository\org\junit\jupiter\junit-jupiter-params\5.10.0\junit-jupiter-params-5.10.0.jar;C:\Users\SRILALITHA\.m2\repository\org\apiguardian\apiguardian-api\1.1.2\apiguardian-api-1.1.2.jar;C:\Users\SRILALITHA\.m2\repository\org\junit\jupiter\junit-jupiter-api\5.10.0\junit-jupiter-api-5.10.0.jar;C:\Users\SRILALITHA\.m2\repository\org\opentest4j\opentest4j\1.3.0\opentest4j-1.3.0.jar;C:\Users\SRILALITHA\.m2\repository\org\junit\platform\junit-platform-commons\1.10.0\junit-platform-commons-1.10.0.jar;C:\Users\SRILALITHA\.m2\repository\org\junit\jupiter\junit-jupiter-engine\5.10.0\junit-jupiter-engine-5.10.0.jar;C:\Users\SRILALITHA\.m2\repository\org\junit\platform\junit-platform-engine\1.10.0\junit-platform-engine-1.10.0.jar;C:\Users\SRILALITHA\.m2\repository\org\mockito\mockito-core\4.11.0\mockito-core-4.11.0.jar;C:\Users\SRILALITHA\.m2\repository\net\bytebuddy\byte-buddy\1.12.19\byte-buddy-1.12.19.jar;C:\Users\SRILALITHA\.m2\repository\net\bytebuddy\byte-buddy-agent\1.12.19\byte-buddy-agent-1.12.19.jar;C:\Users\SRILALITHA\.m2\repository\org\mockito\mockito-junit-jupiter\4.11.0\mockito-junit-jupiter-4.11.0.jar;"/>
    <property name="java.vm.vendor" value="Oracle Corporation"/>
    <property name="sun.arch.data.model" value="64"/>
    <property name="user.variant" value=""/>
    <property name="java.vendor.url" value="https://java.oracle.com/"/>
    <property name="user.timezone" value="Asia/Calcutta"/>
    <property name="os.name" value="Windows 11"/>
    <property name="java.vm.specification.version" value="21"/>
    <property name="user.country" value="IN"/>
    <property name="sun.java.launcher" value="SUN_STANDARD"/>
    <property name="sun.boot.library.path" value="C:\Program Files\Java\jdk-21\bin"/>
    <property name="sun.java.command" value="C:\Users\SRILAL~1\AppData\Local\Temp\surefire3070908317652312727\surefirebooter15336317803016506564.jar C:\Users\SRILALITHA\AppData\Local\Temp\surefire3070908317652312727 2025-09-07T21-24-06_781-jvmRun1 surefire4512162850491970844tmp surefire_09130349076041795385tmp"/>
    <property name="jdk.debug" value="release"/>
    <property name="surefire.test.class.path" value="C:\Users\SRILALITHA\IdeaProjects\JavaSpark\target\test-classes;C:\Users\SRILALITHA\IdeaProjects\JavaSpark\target\classes;C:\Users\SRILALITHA\.m2\repository\org\apache\spark\spark-core_2.13\4.0.0\spark-core_2.13-4.0.0.jar;C:\Users\SRILALITHA\.m2\repository\org\scala-lang\modules\scala-parallel-collections_2.13\1.2.0\scala-parallel-collections_2.13-1.2.0.jar;C:\Users\SRILALITHA\.m2\repository\org\apache\avro\avro\1.12.0\avro-1.12.0.jar;C:\Users\SRILALITHA\.m2\repository\org\apache\avro\avro-mapred\1.12.0\avro-mapred-1.12.0.jar;C:\Users\SRILALITHA\.m2\repository\com\twitter\chill_2.13\0.10.0\chill_2.13-0.10.0.jar;C:\Users\SRILALITHA\.m2\repository\com\twitter\chill-java\0.10.0\chill-java-0.10.0.jar;C:\Users\SRILALITHA\.m2\repository\com\esotericsoftware\kryo-shaded\4.0.3\kryo-shaded-4.0.3.jar;C:\Users\SRILALITHA\.m2\repository\org\objenesis\objenesis\3.3\objenesis-3.3.jar;C:\Users\SRILALITHA\.m2\repository\org\apache\hadoop\hadoop-client-api\3.4.1\hadoop-client-api-3.4.1.jar;C:\Users\SRILALITHA\.m2\repository\org\apache\hadoop\hadoop-client-runtime\3.4.1\hadoop-client-runtime-3.4.1.jar;C:\Users\SRILALITHA\.m2\repository\org\apache\spark\spark-launcher_2.13\4.0.0\spark-launcher_2.13-4.0.0.jar;C:\Users\SRILALITHA\.m2\repository\org\apache\spark\spark-kvstore_2.13\4.0.0\spark-kvstore_2.13-4.0.0.jar;C:\Users\SRILALITHA\.m2\repository\org\apache\spark\spark-network-common_2.13\4.0.0\spark-network-common_2.13-4.0.0.jar;C:\Users\SRILALITHA\.m2\repository\org\apache\spark\spark-network-shuffle_2.13\4.0.0\spark-network-shuffle_2.13-4.0.0.jar;C:\Users\SRILALITHA\.m2\repository\org\apache\spark\spark-unsafe_2.13\4.0.0\spark-unsafe_2.13-4.0.0.jar;C:\Users\SRILALITHA\.m2\repository\org\apache\spark\spark-common-utils_2.13\4.0.0\spark-common-utils_2.13-4.0.0.jar;C:\Users\SRILALITHA\.m2\repository\org\apache\curator\curator-recipes\5.7.1\curator-recipes-5.7.1.jar;C:\Users\SRILALITHA\.m2\repository\org\apache\zookeeper\zookeeper\3.9.3\zookeeper-3.9.3.jar;C:\Users\SRILALITHA\.m2\repository\io\jsonwebtoken\jjwt-api\0.12.6\jjwt-api-0.12.6.jar;C:\Users\SRILALITHA\.m2\repository\io\jsonwebtoken\jjwt-impl\0.12.6\jjwt-impl-0.12.6.jar;C:\Users\SRILALITHA\.m2\repository\io\jsonwebtoken\jjwt-jackson\0.12.6\jjwt-jackson-0.12.6.jar;C:\Users\SRILALITHA\.m2\repository\javax\servlet\javax.servlet-api\4.0.1\javax.servlet-api-4.0.1.jar;C:\Users\SRILALITHA\.m2\repository\jakarta\servlet\jakarta.servlet-api\5.0.0\jakarta.servlet-api-5.0.0.jar;C:\Users\SRILALITHA\.m2\repository\commons-codec\commons-codec\1.17.2\commons-codec-1.17.2.jar;C:\Users\SRILALITHA\.m2\repository\org\apache\commons\commons-compress\1.27.1\commons-compress-1.27.1.jar;C:\Users\SRILALITHA\.m2\repository\org\apache\commons\commons-math3\3.6.1\commons-math3-3.6.1.jar;C:\Users\SRILALITHA\.m2\repository\org\apache\commons\commons-text\1.13.0\commons-text-1.13.0.jar;C:\Users\SRILALITHA\.m2\repository\commons-io\commons-io\2.18.0\commons-io-2.18.0.jar;C:\Users\SRILALITHA\.m2\repository\commons-collections\commons-collections\3.2.2\commons-collections-3.2.2.jar;C:\Users\SRILALITHA\.m2\repository\org\apache\commons\commons-collections4\4.4\commons-collections4-4.4.jar;C:\Users\SRILALITHA\.m2\repository\com\google\code\findbugs\jsr305\3.0.0\jsr305-3.0.0.jar;C:\Users\SRILALITHA\.m2\repository\com\ning\compress-lzf\1.1.2\compress-lzf-1.1.2.jar;C:\Users\SRILALITHA\.m2\repository\org\xerial\snappy\snappy-java\1.1.10.7\snappy-java-1.1.10.7.jar;C:\Users\SRILALITHA\.m2\repository\org\lz4\lz4-java\1.8.0\lz4-java-1.8.0.jar;C:\Users\SRILALITHA\.m2\repository\com\github\luben\zstd-jni\1.5.6-9\zstd-jni-1.5.6-9.jar;C:\Users\SRILALITHA\.m2\repository\org\roaringbitmap\RoaringBitmap\1.3.0\RoaringBitmap-1.3.0.jar;C:\Users\SRILALITHA\.m2\repository\org\scala-lang\modules\scala-xml_2.13\2.3.0\scala-xml_2.13-2.3.0.jar;C:\Users\SRILALITHA\.m2\repository\org\scala-lang\scala-library\2.13.16\scala-library-2.13.16.jar;C:\Users\SRILALITHA\.m2\repository\org\scala-lang\scala-reflect\2.13.16\scala-reflect-2.13.16.jar;C:\Users\SRILALITHA\.m2\repository\org\json4s\json4s-jackson_2.13\4.0.7\json4s-jackson_2.13-4.0.7.jar;C:\Users\SRILALITHA\.m2\repository\org\glassfish\jersey\core\jersey-client\3.0.16\jersey-client-3.0.16.jar;C:\Users\SRILALITHA\.m2\repository\org\glassfish\jersey\core\jersey-common\3.0.16\jersey-common-3.0.16.jar;C:\Users\SRILALITHA\.m2\repository\org\glassfish\jersey\core\jersey-server\3.0.16\jersey-server-3.0.16.jar;C:\Users\SRILALITHA\.m2\repository\org\glassfish\jersey\containers\jersey-container-servlet\3.0.16\jersey-container-servlet-3.0.16.jar;C:\Users\SRILALITHA\.m2\repository\org\glassfish\jersey\containers\jersey-container-servlet-core\3.0.16\jersey-container-servlet-core-3.0.16.jar;C:\Users\SRILALITHA\.m2\repository\org\glassfish\jersey\inject\jersey-hk2\3.0.16\jersey-hk2-3.0.16.jar;C:\Users\SRILALITHA\.m2\repository\io\netty\netty-all\4.1.118.Final\netty-all-4.1.118.Final.jar;C:\Users\SRILALITHA\.m2\repository\io\netty\netty-transport-native-epoll\4.1.118.Final\netty-transport-native-epoll-4.1.118.Final-linux-x86_64.jar;C:\Users\SRILALITHA\.m2\repository\io\netty\netty-transport-native-epoll\4.1.118.Final\netty-transport-native-epoll-4.1.118.Final-linux-aarch_64.jar;C:\Users\SRILALITHA\.m2\repository\io\netty\netty-transport-native-kqueue\4.1.118.Final\netty-transport-native-kqueue-4.1.118.Final-osx-aarch_64.jar;C:\Users\SRILALITHA\.m2\repository\io\netty\netty-transport-native-kqueue\4.1.118.Final\netty-transport-native-kqueue-4.1.118.Final-osx-x86_64.jar;C:\Users\SRILALITHA\.m2\repository\com\clearspring\analytics\stream\2.9.8\stream-2.9.8.jar;C:\Users\SRILALITHA\.m2\repository\io\dropwizard\metrics\metrics-core\4.2.30\metrics-core-4.2.30.jar;C:\Users\SRILALITHA\.m2\repository\io\dropwizard\metrics\metrics-jvm\4.2.30\metrics-jvm-4.2.30.jar;C:\Users\SRILALITHA\.m2\repository\io\dropwizard\metrics\metrics-json\4.2.30\metrics-json-4.2.30.jar;C:\Users\SRILALITHA\.m2\repository\io\dropwizard\metrics\metrics-graphite\4.2.30\metrics-graphite-4.2.30.jar;C:\Users\SRILALITHA\.m2\repository\io\dropwizard\metrics\metrics-jmx\4.2.30\metrics-jmx-4.2.30.jar;C:\Users\SRILALITHA\.m2\repository\com\fasterxml\jackson\core\jackson-databind\2.18.2\jackson-databind-2.18.2.jar;C:\Users\SRILALITHA\.m2\repository\com\fasterxml\jackson\module\jackson-module-scala_2.13\2.18.2\jackson-module-scala_2.13-2.18.2.jar;C:\Users\SRILALITHA\.m2\repository\net\razorvine\pickle\1.5\pickle-1.5.jar;C:\Users\SRILALITHA\.m2\repository\net\sf\py4j\py4j\0.10.9.9\py4j-0.10.9.9.jar;C:\Users\SRILALITHA\.m2\repository\org\apache\spark\spark-tags_2.13\4.0.0\spark-tags_2.13-4.0.0.jar;C:\Users\SRILALITHA\.m2\repository\org\apache\commons\commons-crypto\1.1.0\commons-crypto-1.1.0.jar;C:\Users\SRILALITHA\.m2\repository\org\apache\spark\spark-sql_2.13\4.0.0\spark-sql_2.13-4.0.0.jar;C:\Users\SRILALITHA\.m2\repository\org\rocksdb\rocksdbjni\9.8.4\rocksdbjni-9.8.4.jar;C:\Users\SRILALITHA\.m2\repository\com\univocity\univocity-parsers\2.9.1\univocity-parsers-2.9.1.jar;C:\Users\SRILALITHA\.m2\repository\org\apache\spark\spark-sketch_2.13\4.0.0\spark-sketch_2.13-4.0.0.jar;C:\Users\SRILALITHA\.m2\repository\org\apache\avro\avro-ipc\1.12.0\avro-ipc-1.12.0.jar;C:\Users\SRILALITHA\.m2\repository\org\tukaani\xz\1.10\xz-1.10.jar;C:\Users\SRILALITHA\.m2\repository\com\esotericsoftware\minlog\1.3.0\minlog-1.3.0.jar;C:\Users\SRILALITHA\.m2\repository\org\fusesource\leveldbjni\leveldbjni-all\1.8\leveldbjni-all-1.8.jar;C:\Users\SRILALITHA\.m2\repository\io\netty\netty-tcnative-boringssl-static\2.0.70.Final\netty-tcnative-boringssl-static-2.0.70.Final-linux-x86_64.jar;C:\Users\SRILALITHA\.m2\repository\io\netty\netty-tcnative-classes\2.0.70.Final\netty-tcnative-classes-2.0.70.Final.jar;C:\Users\SRILALITHA\.m2\repository\io\netty\netty-tcnative-boringssl-static\2.0.70.Final\netty-tcnative-boringssl-static-2.0.70.Final-windows-x86_64.jar;C:\Users\SRILALITHA\.m2\repository\io\netty\netty-tcnative-boringssl-static\2.0.70.Final\netty-tcnative-boringssl-static-2.0.70.Final-linux-aarch_64.jar;C:\Users\SRILALITHA\.m2\repository\io\netty\netty-tcnative-boringssl-static\2.0.70.Final\netty-tcnative-boringssl-static-2.0.70.Final-osx-aarch_64.jar;C:\Users\SRILALITHA\.m2\repository\io\netty\netty-tcnative-boringssl-static\2.0.70.Final\netty-tcnative-boringssl-static-2.0.70.Final-osx-x86_64.jar;C:\Users\SRILALITHA\.m2\repository\com\google\crypto\tink\tink\1.16.0\tink-1.16.0.jar;C:\Users\SRILALITHA\.m2\repository\com\google\code\gson\gson\2.11.0\gson-2.11.0.jar;C:\Users\SRILALITHA\.m2\repository\org\apache\ivy\ivy\2.5.3\ivy-2.5.3.jar;C:\Users\SRILALITHA\.m2\repository\oro\oro\2.0.8\oro-2.0.8.jar;C:\Users\SRILALITHA\.m2\repository\org\slf4j\jul-to-slf4j\2.0.16\jul-to-slf4j-2.0.16.jar;C:\Users\SRILALITHA\.m2\repository\org\slf4j\jcl-over-slf4j\2.0.16\jcl-over-slf4j-2.0.16.jar;C:\Users\SRILALITHA\.m2\repository\org\apache\logging\log4j\log4j-slf4j2-impl\2.24.3\log4j-slf4j2-impl-2.24.3.jar;C:\Users\SRILALITHA\.m2\repository\org\apache\logging\log4j\log4j-api\2.24.3\log4j-api-2.24.3.jar;C:\Users\SRILALITHA\.m2\repository\org\apache\logging\log4j\log4j-core\2.24.3\log4j-core-2.24.3.jar;C:\Users\SRILALITHA\.m2\repository\org\apache\logging\log4j\log4j-1.2-api\2.24.3\log4j-1.2-api-2.24.3.jar;C:\Users\SRILALITHA\.m2\repository\org\apache\logging\log4j\log4j-layout-template-json\2.24.3\log4j-layout-template-json-2.24.3.jar;C:\Users\SRILALITHA\.m2\repository\org\apache\curator\curator-framework\5.7.1\curator-framework-5.7.1.jar;C:\Users\SRILALITHA\.m2\repository\org\apache\curator\curator-client\5.7.1\curator-client-5.7.1.jar;C:\Users\SRILALITHA\.m2\repository\org\apache\zookeeper\zookeeper-jute\3.9.3\zookeeper-jute-3.9.3.jar;C:\Users\SRILALITHA\.m2\repository\org\apache\yetus\audience-annotations\0.12.0\audience-annotations-0.12.0.jar;C:\Users\SRILALITHA\.m2\repository\org\json4s\json4s-core_2.13\4.0.7\json4s-core_2.13-4.0.7.jar;C:\Users\SRILALITHA\.m2\repository\org\json4s\json4s-ast_2.13\4.0.7\json4s-ast_2.13-4.0.7.jar;C:\Users\SRILALITHA\.m2\repository\org\json4s\json4s-scalap_2.13\4.0.7\json4s-scalap_2.13-4.0.7.jar;C:\Users\SRILALITHA\.m2\repository\org\json4s\json4s-jackson-core_2.13\4.0.7\json4s-jackson-core_2.13-4.0.7.jar;C:\Users\SRILALITHA\.m2\repository\jakarta\ws\rs\jakarta.ws.rs-api\3.0.0\jakarta.ws.rs-api-3.0.0.jar;C:\Users\SRILALITHA\.m2\repository\jakarta\inject\jakarta.inject-api\2.0.1\jakarta.inject-api-2.0.1.jar;C:\Users\SRILALITHA\.m2\repository\jakarta\annotation\jakarta.annotation-api\2.1.1\jakarta.annotation-api-2.1.1.jar;C:\Users\SRILALITHA\.m2\repository\org\glassfish\hk2\osgi-resource-locator\1.0.3\osgi-resource-locator-1.0.3.jar;C:\Users\SRILALITHA\.m2\repository\jakarta\validation\jakarta.validation-api\3.0.2\jakarta.validation-api-3.0.2.jar;C:\Users\SRILALITHA\.m2\repository\org\glassfish\hk2\hk2-locator\3.0.6\hk2-locator-3.0.6.jar;C:\Users\SRILALITHA\.m2\repository\org\glassfish\hk2\external\aopalliance-repackaged\3.0.6\aopalliance-repackaged-3.0.6.jar;C:\Users\SRILALITHA\.m2\repository\org\glassfish\hk2\hk2-api\3.0.6\hk2-api-3.0.6.jar;C:\Users\SRILALITHA\.m2\repository\org\glassfish\hk2\hk2-utils\3.0.6\hk2-utils-3.0.6.jar;C:\Users\SRILALITHA\.m2\repository\org\javassist\javassist\3.30.2-GA\javassist-3.30.2-GA.jar;C:\Users\SRILALITHA\.m2\repository\io\netty\netty-buffer\4.1.118.Final\netty-buffer-4.1.118.Final.jar;C:\Users\SRILALITHA\.m2\repository\io\netty\netty-codec\4.1.118.Final\netty-codec-4.1.118.Final.jar;C:\Users\SRILALITHA\.m2\repository\io\netty\netty-codec-dns\4.1.118.Final\netty-codec-dns-4.1.118.Final.jar;C:\Users\SRILALITHA\.m2\repository\io\netty\netty-codec-http\4.1.118.Final\netty-codec-http-4.1.118.Final.jar;C:\Users\SRILALITHA\.m2\repository\io\netty\netty-codec-http2\4.1.118.Final\netty-codec-http2-4.1.118.Final.jar;C:\Users\SRILALITHA\.m2\repository\io\netty\netty-codec-socks\4.1.118.Final\netty-codec-socks-4.1.118.Final.jar;C:\Users\SRILALITHA\.m2\repository\io\netty\netty-common\4.1.118.Final\netty-common-4.1.118.Final.jar;C:\Users\SRILALITHA\.m2\repository\io\netty\netty-handler\4.1.118.Final\netty-handler-4.1.118.Final.jar;C:\Users\SRILALITHA\.m2\repository\io\netty\netty-transport-native-unix-common\4.1.118.Final\netty-transport-native-unix-common-4.1.118.Final.jar;C:\Users\SRILALITHA\.m2\repository\io\netty\netty-handler-proxy\4.1.118.Final\netty-handler-proxy-4.1.118.Final.jar;C:\Users\SRILALITHA\.m2\repository\io\netty\netty-resolver\4.1.118.Final\netty-resolver-4.1.118.Final.jar;C:\Users\SRILALITHA\.m2\repository\io\netty\netty-resolver-dns\4.1.118.Final\netty-resolver-dns-4.1.118.Final.jar;C:\Users\SRILALITHA\.m2\repository\io\netty\netty-transport\4.1.118.Final\netty-transport-4.1.118.Final.jar;C:\Users\SRILALITHA\.m2\repository\io\netty\netty-transport-classes-epoll\4.1.118.Final\netty-transport-classes-epoll-4.1.118.Final.jar;C:\Users\SRILALITHA\.m2\repository\io\netty\netty-transport-classes-kqueue\4.1.118.Final\netty-transport-classes-kqueue-4.1.118.Final.jar;C:\Users\SRILALITHA\.m2\repository\io\netty\netty-transport-native-epoll\4.1.118.Final\netty-transport-native-epoll-4.1.118.Final-linux-riscv64.jar;C:\Users\SRILALITHA\.m2\repository\com\thoughtworks\paranamer\paranamer\2.8\paranamer-2.8.jar;C:\Users\SRILALITHA\.m2\repository\org\apache\spark\spark-catalyst_2.13\4.0.0\spark-catalyst_2.13-4.0.0.jar;C:\Users\SRILALITHA\.m2\repository\org\apache\spark\spark-variant_2.13\4.0.0\spark-variant_2.13-4.0.0.jar;C:\Users\SRILALITHA\.m2\repository\org\codehaus\janino\janino\3.1.9\janino-3.1.9.jar;C:\Users\SRILALITHA\.m2\repository\org\codehaus\janino\commons-compiler\3.1.9\commons-compiler-3.1.9.jar;C:\Users\SRILALITHA\.m2\repository\org\apache\datasketches\datasketches-java\6.1.1\datasketches-java-6.1.1.jar;C:\Users\SRILALITHA\.m2\repository\org\apache\datasketches\datasketches-memory\3.0.2\datasketches-memory-3.0.2.jar;C:\Users\SRILALITHA\.m2\repository\org\scala-lang\modules\scala-parser-combinators_2.13\2.4.0\scala-parser-combinators_2.13-2.4.0.jar;C:\Users\SRILALITHA\.m2\repository\org\antlr\antlr4-runtime\4.13.1\antlr4-runtime-4.13.1.jar;C:\Users\SRILALITHA\.m2\repository\org\apache\arrow\arrow-vector\18.1.0\arrow-vector-18.1.0.jar;C:\Users\SRILALITHA\.m2\repository\org\apache\arrow\arrow-format\18.1.0\arrow-format-18.1.0.jar;C:\Users\SRILALITHA\.m2\repository\org\apache\arrow\arrow-memory-core\18.1.0\arrow-memory-core-18.1.0.jar;C:\Users\SRILALITHA\.m2\repository\com\fasterxml\jackson\datatype\jackson-datatype-jsr310\2.18.2\jackson-datatype-jsr310-2.18.2.jar;C:\Users\SRILALITHA\.m2\repository\com\google\flatbuffers\flatbuffers-java\24.3.25\flatbuffers-java-24.3.25.jar;C:\Users\SRILALITHA\.m2\repository\org\apache\arrow\arrow-memory-netty\18.1.0\arrow-memory-netty-18.1.0.jar;C:\Users\SRILALITHA\.m2\repository\org\apache\arrow\arrow-memory-netty-buffer-patch\18.1.0\arrow-memory-netty-buffer-patch-18.1.0.jar;C:\Users\SRILALITHA\.m2\repository\org\apache\orc\orc-format\1.1.0\orc-format-1.1.0-shaded-protobuf.jar;C:\Users\SRILALITHA\.m2\repository\org\apache\orc\orc-core\2.1.2\orc-core-2.1.2-shaded-protobuf.jar;C:\Users\SRILALITHA\.m2\repository\org\apache\orc\orc-shims\2.1.2\orc-shims-2.1.2.jar;C:\Users\SRILALITHA\.m2\repository\io\airlift\aircompressor\2.0.2\aircompressor-2.0.2.jar;C:\Users\SRILALITHA\.m2\repository\org\jetbrains\annotations\17.0.0\annotations-17.0.0.jar;C:\Users\SRILALITHA\.m2\repository\org\slf4j\slf4j-api\2.0.16\slf4j-api-2.0.16.jar;C:\Users\SRILALITHA\.m2\repository\org\threeten\threeten-extra\1.8.0\threeten-extra-1.8.0.jar;C:\Users\SRILALITHA\.m2\repository\org\apache\orc\orc-mapreduce\2.1.2\orc-mapreduce-2.1.2-shaded-protobuf.jar;C:\Users\SRILALITHA\.m2\repository\org\apache\hive\hive-storage-api\2.8.1\hive-storage-api-2.8.1.jar;C:\Users\SRILALITHA\.m2\repository\org\apache\parquet\parquet-column\1.15.2\parquet-column-1.15.2.jar;C:\Users\SRILALITHA\.m2\repository\org\apache\parquet\parquet-common\1.15.2\parquet-common-1.15.2.jar;C:\Users\SRILALITHA\.m2\repository\org\apache\parquet\parquet-encoding\1.15.2\parquet-encoding-1.15.2.jar;C:\Users\SRILALITHA\.m2\repository\org\apache\parquet\parquet-format-structures\1.15.2\parquet-format-structures-1.15.2.jar;C:\Users\SRILALITHA\.m2\repository\javax\annotation\javax.annotation-api\1.3.2\javax.annotation-api-1.3.2.jar;C:\Users\SRILALITHA\.m2\repository\org\apache\parquet\parquet-hadoop\1.15.2\parquet-hadoop-1.15.2.jar;C:\Users\SRILALITHA\.m2\repository\org\apache\parquet\parquet-jackson\1.15.2\parquet-jackson-1.15.2.jar;C:\Users\SRILALITHA\.m2\repository\com\fasterxml\jackson\core\jackson-annotations\2.18.2\jackson-annotations-2.18.2.jar;C:\Users\SRILALITHA\.m2\repository\com\fasterxml\jackson\core\jackson-core\2.18.2\jackson-core-2.18.2.jar;C:\Users\SRILALITHA\.m2\repository\org\apache\ws\xmlschema\xmlschema-core\2.3.1\xmlschema-core-2.3.1.jar;C:\Users\SRILALITHA\.m2\repository\org\apache\xbean\xbean-asm9-shaded\4.26\xbean-asm9-shaded-4.26.jar;C:\Users\SRILALITHA\.m2\repository\com\google\protobuf\protobuf-java\4.29.3\protobuf-java-4.29.3.jar;C:\Users\SRILALITHA\.m2\repository\com\ibm\icu\icu4j\76.1\icu4j-76.1.jar;C:\Users\SRILALITHA\.m2\repository\org\apache\spark\spark-sql-api_2.13\4.0.0\spark-sql-api_2.13-4.0.0.jar;C:\Users\SRILALITHA\.m2\repository\org\apache\spark\spark-connect-shims_2.13\4.0.0\spark-connect-shims_2.13-4.0.0.jar;C:\Users\SRILALITHA\.m2\repository\org\apache\hadoop\hadoop-hdfs\3.2.2\hadoop-hdfs-3.2.2.jar;C:\Users\SRILALITHA\.m2\repository\org\eclipse\jetty\jetty-server\9.4.20.v20190813\jetty-server-9.4.20.v20190813.jar;C:\Users\SRILALITHA\.m2\repository\org\eclipse\jetty\jetty-http\9.4.20.v20190813\jetty-http-9.4.20.v20190813.jar;C:\Users\SRILALITHA\.m2\repository\org\eclipse\jetty\jetty-io\9.4.20.v20190813\jetty-io-9.4.20.v20190813.jar;C:\Users\SRILALITHA\.m2\repository\org\eclipse\jetty\jetty-util\9.4.20.v20190813\jetty-util-9.4.20.v20190813.jar;C:\Users\SRILALITHA\.m2\repository\org\eclipse\jetty\jetty-util-ajax\9.4.20.v20190813\jetty-util-ajax-9.4.20.v20190813.jar;C:\Users\SRILALITHA\.m2\repository\com\sun\jersey\jersey-core\1.19\jersey-core-1.19.jar;C:\Users\SRILALITHA\.m2\repository\javax\ws\rs\jsr311-api\1.1.1\jsr311-api-1.1.1.jar;C:\Users\SRILALITHA\.m2\repository\com\sun\jersey\jersey-server\1.19\jersey-server-1.19.jar;C:\Users\SRILALITHA\.m2\repository\commons-cli\commons-cli\1.2\commons-cli-1.2.jar;C:\Users\SRILALITHA\.m2\repository\commons-logging\commons-logging\1.1.3\commons-logging-1.1.3.jar;C:\Users\SRILALITHA\.m2\repository\commons-daemon\commons-daemon\1.0.13\commons-daemon-1.0.13.jar;C:\Users\SRILALITHA\.m2\repository\log4j\log4j\1.2.17\log4j-1.2.17.jar;C:\Users\SRILALITHA\.m2\repository\io\netty\netty\3.10.6.Final\netty-3.10.6.Final.jar;C:\Users\SRILALITHA\.m2\repository\org\apache\htrace\htrace-core4\4.1.0-incubating\htrace-core4-4.1.0-incubating.jar;C:\Users\SRILALITHA\.m2\repository\org\apache\hadoop\hadoop-common\3.2.2\hadoop-common-3.2.2.jar;C:\Users\SRILALITHA\.m2\repository\org\apache\hadoop\hadoop-annotations\3.2.2\hadoop-annotations-3.2.2.jar;C:\Users\SRILALITHA\.m2\repository\org\apache\httpcomponents\httpclient\4.5.13\httpclient-4.5.13.jar;C:\Users\SRILALITHA\.m2\repository\org\apache\httpcomponents\httpcore\4.4.13\httpcore-4.4.13.jar;C:\Users\SRILALITHA\.m2\repository\commons-net\commons-net\3.6\commons-net-3.6.jar;C:\Users\SRILALITHA\.m2\repository\javax\activation\javax.activation-api\1.2.0\javax.activation-api-1.2.0.jar;C:\Users\SRILALITHA\.m2\repository\org\eclipse\jetty\jetty-servlet\9.4.20.v20190813\jetty-servlet-9.4.20.v20190813.jar;C:\Users\SRILALITHA\.m2\repository\org\eclipse\jetty\jetty-security\9.4.20.v20190813\jetty-security-9.4.20.v20190813.jar;C:\Users\SRILALITHA\.m2\repository\org\eclipse\jetty\jetty-webapp\9.4.20.v20190813\jetty-webapp-9.4.20.v20190813.jar;C:\Users\SRILALITHA\.m2\repository\org\eclipse\jetty\jetty-xml\9.4.20.v20190813\jetty-xml-9.4.20.v20190813.jar;C:\Users\SRILALITHA\.m2\repository\javax\servlet\jsp\jsp-api\2.1\jsp-api-2.1.jar;C:\Users\SRILALITHA\.m2\repository\com\sun\jersey\jersey-servlet\1.19\jersey-servlet-1.19.jar;C:\Users\SRILALITHA\.m2\repository\com\sun\jersey\jersey-json\1.19\jersey-json-1.19.jar;C:\Users\SRILALITHA\.m2\repository\org\codehaus\jettison\jettison\1.1\jettison-1.1.jar;C:\Users\SRILALITHA\.m2\repository\com\sun\xml\bind\jaxb-impl\2.2.3-1\jaxb-impl-2.2.3-1.jar;C:\Users\SRILALITHA\.m2\repository\org\codehaus\jackson\jackson-core-asl\1.9.2\jackson-core-asl-1.9.2.jar;C:\Users\SRILALITHA\.m2\repository\org\codehaus\jackson\jackson-mapper-asl\1.9.2\jackson-mapper-asl-1.9.2.jar;C:\Users\SRILALITHA\.m2\repository\org\codehaus\jackson\jackson-jaxrs\1.9.2\jackson-jaxrs-1.9.2.jar;C:\Users\SRILALITHA\.m2\repository\org\codehaus\jackson\jackson-xc\1.9.2\jackson-xc-1.9.2.jar;C:\Users\SRILALITHA\.m2\repository\commons-beanutils\commons-beanutils\1.9.4\commons-beanutils-1.9.4.jar;C:\Users\SRILALITHA\.m2\repository\org\apache\commons\commons-configuration2\2.1.1\commons-configuration2-2.1.1.jar;C:\Users\SRILALITHA\.m2\repository\org\slf4j\slf4j-log4j12\1.7.25\slf4j-log4j12-1.7.25.jar;C:\Users\SRILALITHA\.m2\repository\com\google\re2j\re2j\1.1\re2j-1.1.jar;C:\Users\SRILALITHA\.m2\repository\org\apache\hadoop\hadoop-auth\3.2.2\hadoop-auth-3.2.2.jar;C:\Users\SRILALITHA\.m2\repository\com\nimbusds\nimbus-jose-jwt\7.9\nimbus-jose-jwt-7.9.jar;C:\Users\SRILALITHA\.m2\repository\com\github\stephenc\jcip\jcip-annotations\1.0-1\jcip-annotations-1.0-1.jar;C:\Users\SRILALITHA\.m2\repository\net\minidev\json-smart\2.3\json-smart-2.3.jar;C:\Users\SRILALITHA\.m2\repository\net\minidev\accessors-smart\1.2\accessors-smart-1.2.jar;C:\Users\SRILALITHA\.m2\repository\org\ow2\asm\asm\5.0.4\asm-5.0.4.jar;C:\Users\SRILALITHA\.m2\repository\com\jcraft\jsch\0.1.55\jsch-0.1.55.jar;C:\Users\SRILALITHA\.m2\repository\org\apache\kerby\kerb-simplekdc\1.0.1\kerb-simplekdc-1.0.1.jar;C:\Users\SRILALITHA\.m2\repository\org\apache\kerby\kerb-client\1.0.1\kerb-client-1.0.1.jar;C:\Users\SRILALITHA\.m2\repository\org\apache\kerby\kerby-config\1.0.1\kerby-config-1.0.1.jar;C:\Users\SRILALITHA\.m2\repository\org\apache\kerby\kerb-core\1.0.1\kerb-core-1.0.1.jar;C:\Users\SRILALITHA\.m2\repository\org\apache\kerby\kerby-pkix\1.0.1\kerby-pkix-1.0.1.jar;C:\Users\SRILALITHA\.m2\repository\org\apache\kerby\kerby-asn1\1.0.1\kerby-asn1-1.0.1.jar;C:\Users\SRILALITHA\.m2\repository\org\apache\kerby\kerby-util\1.0.1\kerby-util-1.0.1.jar;C:\Users\SRILALITHA\.m2\repository\org\apache\kerby\kerb-common\1.0.1\kerb-common-1.0.1.jar;C:\Users\SRILALITHA\.m2\repository\org\apache\kerby\kerb-crypto\1.0.1\kerb-crypto-1.0.1.jar;C:\Users\SRILALITHA\.m2\repository\org\apache\kerby\kerb-util\1.0.1\kerb-util-1.0.1.jar;C:\Users\SRILALITHA\.m2\repository\org\apache\kerby\token-provider\1.0.1\token-provider-1.0.1.jar;C:\Users\SRILALITHA\.m2\repository\org\apache\kerby\kerb-admin\1.0.1\kerb-admin-1.0.1.jar;C:\Users\SRILALITHA\.m2\repository\org\apache\kerby\kerb-server\1.0.1\kerb-server-1.0.1.jar;C:\Users\SRILALITHA\.m2\repository\org\apache\kerby\kerb-identity\1.0.1\kerb-identity-1.0.1.jar;C:\Users\SRILALITHA\.m2\repository\org\apache\kerby\kerby-xdr\1.0.1\kerby-xdr-1.0.1.jar;C:\Users\SRILALITHA\.m2\repository\org\codehaus\woodstox\stax2-api\3.1.4\stax2-api-3.1.4.jar;C:\Users\SRILALITHA\.m2\repository\com\fasterxml\woodstox\woodstox-core\5.0.3\woodstox-core-5.0.3.jar;C:\Users\SRILALITHA\.m2\repository\dnsjava\dnsjava\2.1.7\dnsjava-2.1.7.jar;C:\Users\SRILALITHA\.m2\repository\org\apache\hadoop\hadoop-client\3.2.2\hadoop-client-3.2.2.jar;C:\Users\SRILALITHA\.m2\repository\org\apache\hadoop\hadoop-hdfs-client\3.2.2\hadoop-hdfs-client-3.2.2.jar;C:\Users\SRILALITHA\.m2\repository\com\squareup\okhttp\okhttp\2.7.5\okhttp-2.7.5.jar;C:\Users\SRILALITHA\.m2\repository\com\squareup\okio\okio\1.6.0\okio-1.6.0.jar;C:\Users\SRILALITHA\.m2\repository\org\apache\hadoop\hadoop-yarn-api\3.2.2\hadoop-yarn-api-3.2.2.jar;C:\Users\SRILALITHA\.m2\repository\javax\xml\bind\jaxb-api\2.2.11\jaxb-api-2.2.11.jar;C:\Users\SRILALITHA\.m2\repository\org\apache\hadoop\hadoop-yarn-client\3.2.2\hadoop-yarn-client-3.2.2.jar;C:\Users\SRILALITHA\.m2\repository\org\apache\hadoop\hadoop-mapreduce-client-core\3.2.2\hadoop-mapreduce-client-core-3.2.2.jar;C:\Users\SRILALITHA\.m2\repository\org\apache\hadoop\hadoop-yarn-common\3.2.2\hadoop-yarn-common-3.2.2.jar;C:\Users\SRILALITHA\.m2\repository\com\sun\jersey\jersey-client\1.19\jersey-client-1.19.jar;C:\Users\SRILALITHA\.m2\repository\com\fasterxml\jackson\module\jackson-module-jaxb-annotations\2.9.10\jackson-module-jaxb-annotations-2.9.10.jar;C:\Users\SRILALITHA\.m2\repository\com\fasterxml\jackson\jaxrs\jackson-jaxrs-json-provider\2.9.10\jackson-jaxrs-json-provider-2.9.10.jar;C:\Users\SRILALITHA\.m2\repository\com\fasterxml\jackson\jaxrs\jackson-jaxrs-base\2.9.10\jackson-jaxrs-base-2.9.10.jar;C:\Users\SRILALITHA\.m2\repository\org\apache\hadoop\hadoop-mapreduce-client-jobclient\3.2.2\hadoop-mapreduce-client-jobclient-3.2.2.jar;C:\Users\SRILALITHA\.m2\repository\org\apache\hadoop\hadoop-mapreduce-client-common\3.2.2\hadoop-mapreduce-client-common-3.2.2.jar;C:\Users\SRILALITHA\.m2\repository\org\apache\hadoop\hadoop-aws\3.2.2\hadoop-aws-3.2.2.jar;C:\Users\SRILALITHA\.m2\repository\com\amazonaws\aws-java-sdk-bundle\1.11.563\aws-java-sdk-bundle-1.11.563.jar;C:\Users\SRILALITHA\.m2\repository\com\google\guava\guava\32.0.0-jre\guava-32.0.0-jre.jar;C:\Users\SRILALITHA\.m2\repository\com\google\guava\failureaccess\1.0.1\failureaccess-1.0.1.jar;C:\Users\SRILALITHA\.m2\repository\com\google\guava\listenablefuture\9999.0-empty-to-avoid-conflict-with-guava\listenablefuture-9999.0-empty-to-avoid-conflict-with-guava.jar;C:\Users\SRILALITHA\.m2\repository\org\checkerframework\checker-qual\3.33.0\checker-qual-3.33.0.jar;C:\Users\SRILALITHA\.m2\repository\com\google\errorprone\error_prone_annotations\2.18.0\error_prone_annotations-2.18.0.jar;C:\Users\SRILALITHA\.m2\repository\com\google\j2objc\j2objc-annotations\2.8\j2objc-annotations-2.8.jar;C:\Users\SRILALITHA\.m2\repository\org\apache\commons\commons-lang3\3.14.0\commons-lang3-3.14.0.jar;C:\Users\SRILALITHA\.m2\repository\org\hamcrest\hamcrest\2.2\hamcrest-2.2.jar;C:\Users\SRILALITHA\.m2\repository\org\junit\jupiter\junit-jupiter-params\5.10.0\junit-jupiter-params-5.10.0.jar;C:\Users\SRILALITHA\.m2\repository\org\apiguardian\apiguardian-api\1.1.2\apiguardian-api-1.1.2.jar;C:\Users\SRILALITHA\.m2\repository\org\junit\jupiter\junit-jupiter-api\5.10.0\junit-jupiter-api-5.10.0.jar;C:\Users\SRILALITHA\.m2\repository\org\opentest4j\opentest4j\1.3.0\opentest4j-1.3.0.jar;C:\Users\SRILALITHA\.m2\repository\org\junit\platform\junit-platform-commons\1.10.0\junit-platform-commons-1.10.0.jar;C:\Users\SRILALITHA\.m2\repository\org\junit\jupiter\junit-jupiter-engine\5.10.0\junit-jupiter-engine-5.10.0.jar;C:\Users\SRILALITHA\.m2\repository\org\junit\platform\junit-platform-engine\1.10.0\junit-platform-engine-1.10.0.jar;C:\Users\SRILALITHA\.m2\repository\org\mockito\mockito-core\4.11.0\mockito-core-4.11.0.jar;C:\Users\SRILALITHA\.m2\repository\net\bytebuddy\byte-buddy\1.12.19\byte-buddy-1.12.19.jar;C:\Users\SRILALITHA\.m2\repository\net\bytebuddy\byte-buddy-agent\1.12.19\byte-buddy-agent-1.12.19.jar;C:\Users\SRILALITHA\.m2\repository\org\mockito\mockito-junit-jupiter\4.11.0\mockito-junit-jupiter-4.11.0.jar;"/>
    <property name="sun.cpu.endian" value="little"/>
    <property name="user.home" value="C:\Users\SRILALITHA"/>
    <property name="user.language" value="en"/>
    <property name="java.specification.vendor" value="Oracle Corporation"/>
    <property name="java.version.date" value="2025-07-15"/>
    <property name="java.home" value="C:\Program Files\Java\jdk-21"/>
    <property name="file.separator" value="\"/>
    <property name="basedir" value="C:\Users\SRILALITHA\IdeaProjects\JavaSpark"/>
    <property name="style.color" value="always"/>
    <property name="java.vm.compressedOopsMode" value="Zero based"/>
    <property name="line.separator" value="&#10;"/>
    <property name="java.vm.specification.vendor" value="Oracle Corporation"/>
    <property name="java.specification.name" value="Java Platform API Specification"/>
    <property name="surefire.real.class.path" value="C:\Users\SRILAL~1\AppData\Local\Temp\surefire3070908317652312727\surefirebooter15336317803016506564.jar"/>
    <property name="user.script" value=""/>
    <property name="sun.management.compiler" value="HotSpot 64-Bit Tiered Compilers"/>
    <property name="java.runtime.version" value="21.0.8+12-LTS-250"/>
    <property name="user.name" value="SRILALITHA"/>
    <property name="stdout.encoding" value="Cp1252"/>
    <property name="path.separator" value=";"/>
    <property name="os.version" value="10.0"/>
    <property name="java.runtime.name" value="Java(TM) SE Runtime Environment"/>
    <property name="file.encoding" value="UTF-8"/>
    <property name="java.vm.name" value="Java HotSpot(TM) 64-Bit Server VM"/>
    <property name="maven.ext.class.path" value="C:\Program Files\JetBrains\IntelliJ IDEA 2025.2\plugins\maven\lib\maven-event-listener.jar"/>
    <property name="localRepository" value="C:\Users\SRILALITHA\.m2\repository"/>
    <property name="java.vendor.url.bug" value="https://bugreport.java.com/bugreport/"/>
    <property name="java.io.tmpdir" value="C:\Users\SRILAL~1\AppData\Local\Temp\"/>
    <property name="idea.version" value="2025.2"/>
    <property name="java.version" value="21.0.8"/>
    <property name="user.dir" value="C:\Users\SRILALITHA\IdeaProjects\JavaSpark"/>
    <property name="os.arch" value="amd64"/>
    <property name="jansi.passthrough" value="true"/>
    <property name="java.vm.specification.name" value="Java Virtual Machine Specification"/>
    <property name="sun.os.patch.level" value=""/>
    <property name="native.encoding" value="Cp1252"/>
    <property name="java.library.path" value="C:\Program Files\Java\jdk-21\bin;C:\Windows\Sun\Java\bin;C:\Windows\system32;C:\Windows;C:\Python313\Scripts\;C:\Python313\;C:\Program Files\Common Files\Oracle\Java\javapath;C:\Windows\system32;C:\Windows;C:\Windows\System32\Wbem;C:\Windows\System32\WindowsPowerShell\v1.0\;C:\Windows\System32\OpenSSH\;C:\Program Files\dotnet\;C:\Program Files\Git\cmd;C:\Program Files\Java\jdk-21\bin;C:\Program Files\nodejs\;C:\ProgramData\chocolatey\bin;C:\Program Files (x86)\scala\bin;C:\Users\SRILALITHA\Downloads\apache-maven-3.9.11-bin\apache-maven-3.9.11\bin;C:\Users\SRILALITHA\Downloads\apache-maven-3.9.11-bin\apache-maven-3.9.11\bin;C:\Users\SRILALITHA\Downloads\spark-4.0.0-bin-hadoop3\spark-4.0.0-bin-hadoop3\bin;C:\Users\SRILALITHA\Downloads\spark-4.0.0-bin-hadoop3\spark-4.0.0-bin-hadoop3\bin;C:\Users\SRILALITHA\AppData\Local\Programs\Python\Python311\Scripts\;C:\Users\SRILALITHA\AppData\Local\Programs\Python\Python311\;C:\Users\SRILALITHA\AppData\Local\Programs\Python\Python310\Scripts\;C:\Users\SRILALITHA\AppData\Local\Programs\Python\Python310\;C:\Users\SRILALITHA\AppData\Local\Microsoft\WindowsApps;C:\Users\SRILALITHA\AppData\Local\Programs\Microsoft VS Code\bin;C:\Users\SRILALITHA\AppData\Local\GitHubDesktop\bin;C:\Program Files\JetBrains\IntelliJ IDEA 2025.2\bin;C:\Program Files\Java\jdk-21\bin;C:\Users\SRILALITHA\AppData\Roaming\npm;;."/>
    <property name="java.vm.info" value="mixed mode, sharing"/>
    <property name="stderr.encoding" value="Cp1252"/>
    <property name="java.vendor" value="Oracle Corporation"/>
    <property name="java.vm.version" value="21.0.8+12-LTS-250"/>
    <property name="sun.io.unicode.encoding" value="UnicodeLittle"/>
    <property name="java.class.version" value="65.0"/>
  </properties>
  <testcase name="testLoadingWholeDirectoryIntoSparkRDD" classname="RDDExternalDatasetsTest" time="1.712"/>
  <testcase name="testLoadingLocalTextFileIntoSparkRDDUsingMethodSource{String}[1]" classname="RDDExternalDatasetsTest" time="0.706"/>
  <testcase name="testLoadingLocalTextFileIntoSparkRDDUsingMethodSource{String}[2]" classname="RDDExternalDatasetsTest" time="0.691"/>
  <testcase name="testLoadingCSVFileIntoSparkRDD" classname="RDDExternalDatasetsTest" time="0.541"/>
  <testcase name="testLoadingLocalTextFileIntoSparkRDDUsingValueSource{String}[1]" classname="RDDExternalDatasetsTest" time="0.349"/>
  <testcase name="testLoadingLocalTextFileIntoSparkRDDUsingValueSource{String}[2]" classname="RDDExternalDatasetsTest" time="0.41"/>
</testsuite>